<?xml version="1.0" encoding="UTF-8"?>
<testsuite name="PokerHands.PokerHandsTest" tests="1" skipped="0" failures="0" errors="0" timestamp="2017-09-21T03:21:50" hostname="Naga" time="0.005">
  <properties/>
  <testcase name="testCompareHands" classname="PokerHands.PokerHandsTest" time="0.005"/>
  <system-out><![CDATA[]]></system-out>
  <system-err><![CDATA[]]></system-err>
</testsuite>
